c:\users\shoto\onedrive\デスクトップ\授業\gm関連\gm31\gm_15+imgui\release\vc141.pdb
c:\users\shoto\onedrive\デスクトップ\授業\gm関連\gm31\gm_15+imgui\release\model.obj
c:\users\shoto\onedrive\デスクトップ\授業\gm関連\gm31\gm_15+imgui\release\manager.obj
c:\users\shoto\onedrive\デスクトップ\授業\gm関連\gm31\gm_15+imgui\release\main.obj
c:\users\shoto\onedrive\デスクトップ\授業\gm関連\gm31\gm_15+imgui\release\input.obj
c:\users\shoto\onedrive\デスクトップ\授業\gm関連\gm31\gm_15+imgui\release\imgui_widgets.obj
c:\users\shoto\onedrive\デスクトップ\授業\gm関連\gm31\gm_15+imgui\release\imgui_tables.obj
c:\users\shoto\onedrive\デスクトップ\授業\gm関連\gm31\gm_15+imgui\release\imgui_impl_win32.obj
c:\users\shoto\onedrive\デスクトップ\授業\gm関連\gm31\gm_15+imgui\release\imgui_impl_dx11.obj
c:\users\shoto\onedrive\デスクトップ\授業\gm関連\gm31\gm_15+imgui\release\imgui_draw.obj
c:\users\shoto\onedrive\デスクトップ\授業\gm関連\gm31\gm_15+imgui\release\imgui_demo.obj
c:\users\shoto\onedrive\デスクトップ\授業\gm関連\gm31\gm_15+imgui\release\imguimanager.obj
c:\users\shoto\onedrive\デスクトップ\授業\gm関連\gm31\gm_15+imgui\release\imgui.obj
c:\users\shoto\onedrive\デスクトップ\授業\gm関連\gm31\gm_15+imgui\release\game.obj
c:\users\shoto\onedrive\デスクトップ\授業\gm関連\gm31\gm_15+imgui\release\field.obj
c:\users\shoto\onedrive\デスクトップ\授業\gm関連\gm31\gm_15+imgui\release\explosion.obj
c:\users\shoto\onedrive\デスクトップ\授業\gm関連\gm31\gm_15+imgui\release\enemy.obj
c:\users\shoto\onedrive\デスクトップ\授業\gm関連\gm31\gm_15+imgui\release\camera.obj
c:\users\shoto\onedrive\デスクトップ\授業\gm関連\gm31\gm_15+imgui\release\bullet.obj
c:\users\shoto\onedrive\デスクトップ\授業\gm関連\gm31\gm_15+imgui\release\audio.obj
c:\users\shoto\onedrive\デスクトップ\授業\gm関連\gm31\gm_15+imgui\release\animationmodel.obj
c:\users\shoto\onedrive\デスクトップ\授業\gm関連\gm31\gm_15+imgui\release\titlelogo.obj
c:\users\shoto\onedrive\デスクトップ\授業\gm関連\gm31\gm_15+imgui\release\title.obj
c:\users\shoto\onedrive\デスクトップ\授業\gm関連\gm31\gm_15+imgui\release\street light.obj
c:\users\shoto\onedrive\デスクトップ\授業\gm関連\gm31\gm_15+imgui\release\skydoom.obj
c:\users\shoto\onedrive\デスクトップ\授業\gm関連\gm31\gm_15+imgui\release\shadow.obj
c:\users\shoto\onedrive\デスクトップ\授業\gm関連\gm31\gm_15+imgui\release\resultlogo.obj
c:\users\shoto\onedrive\デスクトップ\授業\gm関連\gm31\gm_15+imgui\release\result.obj
c:\users\shoto\onedrive\デスクトップ\授業\gm関連\gm31\gm_15+imgui\release\renderer.obj
c:\users\shoto\onedrive\デスクトップ\授業\gm関連\gm31\gm_15+imgui\release\polygon2d.obj
c:\users\shoto\onedrive\デスクトップ\授業\gm関連\gm31\gm_15+imgui\release\player.obj
c:\users\shoto\onedrive\デスクトップ\課題\gr\三校\directx11\release\vc141.pdb
c:\users\shoto\onedrive\デスクトップ\課題\gr\三校\directx11\release\particle.obj
c:\users\shoto\onedrive\デスクトップ\課題\gr\三校\directx11\release\model.obj
c:\users\shoto\onedrive\デスクトップ\課題\gr\三校\directx11\release\manager.obj
c:\users\shoto\onedrive\デスクトップ\課題\gr\三校\directx11\release\main.obj
c:\users\shoto\onedrive\デスクトップ\課題\gr\三校\directx11\release\input.obj
c:\users\shoto\onedrive\デスクトップ\課題\gr\三校\directx11\release\imgui_widgets.obj
c:\users\shoto\onedrive\デスクトップ\課題\gr\三校\directx11\release\imgui_tables.obj
c:\users\shoto\onedrive\デスクトップ\課題\gr\三校\directx11\release\imgui_impl_win32.obj
c:\users\shoto\onedrive\デスクトップ\課題\gr\三校\directx11\release\imgui_impl_dx11.obj
c:\users\shoto\onedrive\デスクトップ\課題\gr\三校\directx11\release\imgui_draw.obj
c:\users\shoto\onedrive\デスクトップ\課題\gr\三校\directx11\release\imgui_demo.obj
c:\users\shoto\onedrive\デスクトップ\課題\gr\三校\directx11\release\imguimanager.obj
c:\users\shoto\onedrive\デスクトップ\課題\gr\三校\directx11\release\imgui.obj
c:\users\shoto\onedrive\デスクトップ\課題\gr\三校\directx11\release\game.obj
c:\users\shoto\onedrive\デスクトップ\課題\gr\三校\directx11\release\field.obj
c:\users\shoto\onedrive\デスクトップ\課題\gr\三校\directx11\release\enemy.obj
c:\users\shoto\onedrive\デスクトップ\課題\gr\三校\directx11\release\camera.obj
c:\users\shoto\onedrive\デスクトップ\課題\gr\三校\directx11\release\audio.obj
c:\users\shoto\onedrive\デスクトップ\課題\gr\三校\directx11\release\animationmodel.obj
c:\users\shoto\onedrive\デスクトップ\課題\gr\三校\directx11\release\texture.obj
c:\users\shoto\onedrive\デスクトップ\課題\gr\三校\directx11\release\sprite.obj
c:\users\shoto\onedrive\デスクトップ\課題\gr\三校\directx11\release\skydoom.obj
c:\users\shoto\onedrive\デスクトップ\課題\gr\三校\directx11\release\shadow.obj
c:\users\shoto\onedrive\デスクトップ\課題\gr\三校\directx11\release\resultlogo.obj
c:\users\shoto\onedrive\デスクトップ\課題\gr\三校\directx11\release\result.obj
c:\users\shoto\onedrive\デスクトップ\課題\gr\三校\directx11\release\renderer.obj
c:\users\shoto\onedrive\デスクトップ\課題\gr\三校\directx11\release\polygon2d.obj
c:\users\shoto\onedrive\デスクトップ\課題\gr\三校\directx11\release\player.obj
c:\users\shoto\onedrive\デスクトップ\課題\gr\三校\directx11\release\particleemitter.obj
c:\users\shoto\onedrive\デスクトップ\課題\gr\三校\directx11\release\lake.obj
c:\users\shoto\onedrive\デスクトップ\課題\gr\三校\directx11\unlittextureps.cso
c:\users\shoto\onedrive\デスクトップ\課題\gr\三校\directx11\unlittexturevs.cso
c:\users\shoto\onedrive\デスクトップ\課題\gr\三校\directx11\vertexlightingps.cso
c:\users\shoto\onedrive\デスクトップ\課題\gr\三校\directx11\vertexlightingvs.cso
c:\users\shoto\onedrive\デスクトップ\directx11\particleps.cso
c:\users\shoto\onedrive\デスクトップ\directx11\particlevs.cso
c:\users\shoto\onedrive\デスクトップ\directx11\posteffectps.cso
c:\users\shoto\onedrive\デスクトップ\授業\gm関連\gm31\gm_15+imgui\release\gm_1.ipdb
c:\users\shoto\onedrive\デスクトップ\授業\gm関連\gm31\gm_15+imgui\release\gm_1.iobj
c:\users\shoto\onedrive\デスクトップ\課題\gr\三校\directx11\release\gm_1.ipdb
c:\users\shoto\onedrive\デスクトップ\課題\gr\三校\directx11\release\gm_1.iobj
c:\users\shoto\onedrive\デスクトップ\授業\gm関連\gm31\gm_15+imgui\release\gm_1.exe
c:\users\shoto\onedrive\デスクトップ\授業\gm関連\gm31\gm_15+imgui\release\gm_1.pdb
c:\users\shoto\onedrive\デスクトップ\課題\gr\三校\directx11\release\gm_1.exe
c:\users\shoto\onedrive\デスクトップ\課題\gr\三校\directx11\release\gm_1.pdb
c:\users\shoto\onedrive\デスクトップ\directx11\release\animationmodel.obj
c:\users\shoto\onedrive\デスクトップ\directx11\release\audio.obj
c:\users\shoto\onedrive\デスクトップ\directx11\release\bullet.obj
c:\users\shoto\onedrive\デスクトップ\directx11\release\camera.obj
c:\users\shoto\onedrive\デスクトップ\directx11\release\enemy.obj
c:\users\shoto\onedrive\デスクトップ\directx11\release\explosion.obj
c:\users\shoto\onedrive\デスクトップ\directx11\release\field.obj
c:\users\shoto\onedrive\デスクトップ\directx11\release\game.obj
c:\users\shoto\onedrive\デスクトップ\directx11\release\imgui.obj
c:\users\shoto\onedrive\デスクトップ\directx11\release\imguimanager.obj
c:\users\shoto\onedrive\デスクトップ\directx11\release\imgui_demo.obj
c:\users\shoto\onedrive\デスクトップ\directx11\release\imgui_draw.obj
c:\users\shoto\onedrive\デスクトップ\directx11\release\imgui_impl_dx11.obj
c:\users\shoto\onedrive\デスクトップ\directx11\release\imgui_impl_win32.obj
c:\users\shoto\onedrive\デスクトップ\directx11\release\imgui_tables.obj
c:\users\shoto\onedrive\デスクトップ\directx11\release\imgui_widgets.obj
c:\users\shoto\onedrive\デスクトップ\directx11\release\input.obj
c:\users\shoto\onedrive\デスクトップ\directx11\release\lake.obj
c:\users\shoto\onedrive\デスクトップ\directx11\release\main.obj
c:\users\shoto\onedrive\デスクトップ\directx11\release\manager.obj
c:\users\shoto\onedrive\デスクトップ\directx11\release\model.obj
c:\users\shoto\onedrive\デスクトップ\directx11\release\particle.obj
c:\users\shoto\onedrive\デスクトップ\directx11\release\particleemitter.obj
c:\users\shoto\onedrive\デスクトップ\directx11\release\player.obj
c:\users\shoto\onedrive\デスクトップ\directx11\release\polygon2d.obj
c:\users\shoto\onedrive\デスクトップ\directx11\release\renderer.obj
c:\users\shoto\onedrive\デスクトップ\directx11\release\result.obj
c:\users\shoto\onedrive\デスクトップ\directx11\release\resultlogo.obj
c:\users\shoto\onedrive\デスクトップ\directx11\release\shadow.obj
c:\users\shoto\onedrive\デスクトップ\directx11\release\skydoom.obj
c:\users\shoto\onedrive\デスクトップ\directx11\release\sprite.obj
c:\users\shoto\onedrive\デスクトップ\directx11\release\street light.obj
c:\users\shoto\onedrive\デスクトップ\directx11\release\texture.obj
c:\users\shoto\onedrive\デスクトップ\directx11\release\title.obj
c:\users\shoto\onedrive\デスクトップ\directx11\release\titlelogo.obj
c:\users\shoto\onedrive\デスクトップ\directx11\release\gm_1.ipdb
c:\users\shoto\onedrive\デスクトップ\directx11\release\gm_1.iobj
c:\users\shoto\onedrive\デスクトップ\directx11\release\gm_1.pdb
c:\users\shoto\onedrive\デスクトップ\directx11\release\vc141.pdb
c:\users\shoto\onedrive\デスクトップ\directx11\release\gm_1.exe
c:\users\shoto\onedrive\デスクトップ\directx11\release\gm_1.tlog\cl.command.1.tlog
c:\users\shoto\onedrive\デスクトップ\directx11\release\gm_1.tlog\cl.read.1.tlog
c:\users\shoto\onedrive\デスクトップ\directx11\release\gm_1.tlog\cl.write.1.tlog
c:\users\shoto\onedrive\デスクトップ\directx11\release\gm_1.tlog\fxc.command.1.tlog
c:\users\shoto\onedrive\デスクトップ\directx11\release\gm_1.tlog\fxc.read.1.tlog
c:\users\shoto\onedrive\デスクトップ\directx11\release\gm_1.tlog\fxc.write.1.tlog
c:\users\shoto\onedrive\デスクトップ\directx11\release\gm_1.tlog\gm_1.write.1u.tlog
c:\users\shoto\onedrive\デスクトップ\directx11\release\gm_1.tlog\link.command.1.tlog
c:\users\shoto\onedrive\デスクトップ\directx11\release\gm_1.tlog\link.read.1.tlog
c:\users\shoto\onedrive\デスクトップ\directx11\release\gm_1.tlog\link.write.1.tlog
